{"/home/amaimon/work/blog_work/codepill-prototype/articles/10/tdd_react_native_workshop/AddMealBtn.js": {"path":"/home/amaimon/work/blog_work/codepill-prototype/articles/10/tdd_react_native_workshop/AddMealBtn.js","statementMap":{"0":{"start":{"line":4,"column":26},"end":{"line":14,"column":1}},"1":{"start":{"line":5,"column":28},"end":{"line":5,"column":39}},"2":{"start":{"line":7,"column":2},"end":{"line":13,"column":4}},"3":{"start":{"line":16,"column":15},"end":{"line":23,"column":2}}},"fnMap":{"0":{"name":"(anonymous_0)","decl":{"start":{"line":4,"column":26},"end":{"line":4,"column":27}},"loc":{"start":{"line":4,"column":51},"end":{"line":14,"column":1}},"line":4}},"branchMap":{},"s":{"0":7,"1":26,"2":26,"3":7},"f":{"0":26},"b":{},"_coverageSchema":"1a1c01bbd47fc00a2c39e90264f33305004495a9","hash":"21d20532f8668d02b003e33d0cef0a946f185f2d"}
,"/home/amaimon/work/blog_work/codepill-prototype/articles/10/tdd_react_native_workshop/App.js": {"path":"/home/amaimon/work/blog_work/codepill-prototype/articles/10/tdd_react_native_workshop/App.js","statementMap":{"0":{"start":{"line":17,"column":26},"end":{"line":17,"column":41}},"1":{"start":{"line":18,"column":26},"end":{"line":18,"column":38}},"2":{"start":{"line":19,"column":26},"end":{"line":19,"column":38}},"3":{"start":{"line":20,"column":28},"end":{"line":20,"column":40}},"4":{"start":{"line":21,"column":28},"end":{"line":21,"column":39}},"5":{"start":{"line":24,"column":23},"end":{"line":30,"column":3}},"6":{"start":{"line":25,"column":20},"end":{"line":27,"column":45}},"7":{"start":{"line":26,"column":21},"end":{"line":26,"column":40}},"8":{"start":{"line":27,"column":30},"end":{"line":27,"column":41}},"9":{"start":{"line":29,"column":4},"end":{"line":29,"column":24}},"10":{"start":{"line":32,"column":21},"end":{"line":35,"column":3}},"11":{"start":{"line":33,"column":4},"end":{"line":33,"column":17}},"12":{"start":{"line":34,"column":4},"end":{"line":34,"column":16}},"13":{"start":{"line":37,"column":29},"end":{"line":39,"column":3}},"14":{"start":{"line":38,"column":4},"end":{"line":38,"column":19}},"15":{"start":{"line":41,"column":29},"end":{"line":43,"column":3}},"16":{"start":{"line":42,"column":4},"end":{"line":42,"column":17}},"17":{"start":{"line":45,"column":22},"end":{"line":47,"column":3}},"18":{"start":{"line":46,"column":4},"end":{"line":46,"column":18}},"19":{"start":{"line":49,"column":26},"end":{"line":60,"column":3}},"20":{"start":{"line":50,"column":17},"end":{"line":53,"column":5}},"21":{"start":{"line":54,"column":21},"end":{"line":54,"column":37}},"22":{"start":{"line":55,"column":4},"end":{"line":55,"column":23}},"23":{"start":{"line":57,"column":4},"end":{"line":57,"column":27}},"24":{"start":{"line":58,"column":4},"end":{"line":58,"column":16}},"25":{"start":{"line":59,"column":4},"end":{"line":59,"column":15}},"26":{"start":{"line":62,"column":2},"end":{"line":86,"column":4}},"27":{"start":{"line":69,"column":25},"end":{"line":69,"column":38}},"28":{"start":{"line":75,"column":25},"end":{"line":75,"column":38}},"29":{"start":{"line":89,"column":15},"end":{"line":99,"column":2}}},"fnMap":{"0":{"name":"App","decl":{"start":{"line":15,"column":24},"end":{"line":15,"column":27}},"loc":{"start":{"line":15,"column":30},"end":{"line":87,"column":1}},"line":15},"1":{"name":"(anonymous_1)","decl":{"start":{"line":24,"column":23},"end":{"line":24,"column":24}},"loc":{"start":{"line":24,"column":37},"end":{"line":30,"column":3}},"line":24},"2":{"name":"(anonymous_2)","decl":{"start":{"line":26,"column":11},"end":{"line":26,"column":12}},"loc":{"start":{"line":26,"column":21},"end":{"line":26,"column":40}},"line":26},"3":{"name":"(anonymous_3)","decl":{"start":{"line":27,"column":14},"end":{"line":27,"column":15}},"loc":{"start":{"line":27,"column":30},"end":{"line":27,"column":41}},"line":27},"4":{"name":"(anonymous_4)","decl":{"start":{"line":32,"column":21},"end":{"line":32,"column":22}},"loc":{"start":{"line":32,"column":27},"end":{"line":35,"column":3}},"line":32},"5":{"name":"(anonymous_5)","decl":{"start":{"line":37,"column":29},"end":{"line":37,"column":30}},"loc":{"start":{"line":37,"column":40},"end":{"line":39,"column":3}},"line":37},"6":{"name":"(anonymous_6)","decl":{"start":{"line":41,"column":29},"end":{"line":41,"column":30}},"loc":{"start":{"line":41,"column":38},"end":{"line":43,"column":3}},"line":41},"7":{"name":"(anonymous_7)","decl":{"start":{"line":45,"column":22},"end":{"line":45,"column":23}},"loc":{"start":{"line":45,"column":28},"end":{"line":47,"column":3}},"line":45},"8":{"name":"(anonymous_8)","decl":{"start":{"line":49,"column":26},"end":{"line":49,"column":27}},"loc":{"start":{"line":49,"column":32},"end":{"line":60,"column":3}},"line":49},"9":{"name":"(anonymous_9)","decl":{"start":{"line":69,"column":19},"end":{"line":69,"column":20}},"loc":{"start":{"line":69,"column":25},"end":{"line":69,"column":38}},"line":69},"10":{"name":"(anonymous_10)","decl":{"start":{"line":75,"column":19},"end":{"line":75,"column":20}},"loc":{"start":{"line":75,"column":25},"end":{"line":75,"column":38}},"line":75}},"branchMap":{"0":{"loc":{"start":{"line":64,"column":7},"end":{"line":64,"column":78}},"type":"binary-expr","locations":[{"start":{"line":64,"column":7},"end":{"line":64,"column":23}},{"start":{"line":64,"column":27},"end":{"line":64,"column":78}}],"line":64},"1":{"loc":{"start":{"line":80,"column":7},"end":{"line":80,"column":58}},"type":"binary-expr","locations":[{"start":{"line":80,"column":7},"end":{"line":80,"column":23}},{"start":{"line":80,"column":27},"end":{"line":80,"column":58}}],"line":80},"2":{"loc":{"start":{"line":82,"column":7},"end":{"line":82,"column":63}},"type":"binary-expr","locations":[{"start":{"line":82,"column":7},"end":{"line":82,"column":11}},{"start":{"line":82,"column":15},"end":{"line":82,"column":63}}],"line":82}},"s":{"0":43,"1":38,"2":38,"3":38,"4":38,"5":38,"6":4,"7":4,"8":4,"9":4,"10":38,"11":1,"12":1,"13":38,"14":4,"15":38,"16":4,"17":38,"18":7,"19":38,"20":4,"21":4,"22":4,"23":4,"24":4,"25":4,"26":38,"27":4,"28":3,"29":7},"f":{"0":43,"1":4,"2":4,"3":4,"4":1,"5":4,"6":4,"7":7,"8":4,"9":4,"10":3},"b":{"0":[38,4],"1":[38,4],"2":[38,18]},"_coverageSchema":"1a1c01bbd47fc00a2c39e90264f33305004495a9","hash":"f11dffb4104d260b016efddd705ddb963e1543d9"}
,"/home/amaimon/work/blog_work/codepill-prototype/articles/10/tdd_react_native_workshop/ClearButton.js": {"path":"/home/amaimon/work/blog_work/codepill-prototype/articles/10/tdd_react_native_workshop/ClearButton.js","statementMap":{"0":{"start":{"line":4,"column":27},"end":{"line":17,"column":1}},"1":{"start":{"line":5,"column":2},"end":{"line":16,"column":4}},"2":{"start":{"line":19,"column":0},"end":{"line":21,"column":2}},"3":{"start":{"line":23,"column":15},"end":{"line":40,"column":2}}},"fnMap":{"0":{"name":"(anonymous_0)","decl":{"start":{"line":4,"column":27},"end":{"line":4,"column":28}},"loc":{"start":{"line":4,"column":53},"end":{"line":17,"column":1}},"line":4}},"branchMap":{"0":{"loc":{"start":{"line":9,"column":15},"end":{"line":9,"column":70}},"type":"cond-expr","locations":[{"start":{"line":9,"column":36},"end":{"line":9,"column":54}},{"start":{"line":9,"column":57},"end":{"line":9,"column":70}}],"line":9},"1":{"loc":{"start":{"line":11,"column":21},"end":{"line":11,"column":77}},"type":"cond-expr","locations":[{"start":{"line":11,"column":42},"end":{"line":11,"column":60}},{"start":{"line":11,"column":63},"end":{"line":11,"column":77}}],"line":11}},"s":{"0":7,"1":12,"2":7,"3":7},"f":{"0":12},"b":{"0":[12,0],"1":[12,0]},"_coverageSchema":"1a1c01bbd47fc00a2c39e90264f33305004495a9","hash":"9b35f338e710267698303366dcb7268a6757aecc"}
,"/home/amaimon/work/blog_work/codepill-prototype/articles/10/tdd_react_native_workshop/MealCaloriesInput.js": {"path":"/home/amaimon/work/blog_work/codepill-prototype/articles/10/tdd_react_native_workshop/MealCaloriesInput.js","statementMap":{"0":{"start":{"line":4,"column":33},"end":{"line":18,"column":1}},"1":{"start":{"line":7,"column":2},"end":{"line":17,"column":4}},"2":{"start":{"line":14,"column":23},"end":{"line":14,"column":32}},"3":{"start":{"line":20,"column":15},"end":{"line":27,"column":2}}},"fnMap":{"0":{"name":"(anonymous_0)","decl":{"start":{"line":4,"column":33},"end":{"line":4,"column":34}},"loc":{"start":{"line":4,"column":73},"end":{"line":18,"column":1}},"line":4},"1":{"name":"(anonymous_1)","decl":{"start":{"line":14,"column":17},"end":{"line":14,"column":18}},"loc":{"start":{"line":14,"column":23},"end":{"line":14,"column":32}},"line":14}},"branchMap":{},"s":{"0":7,"1":35,"2":3,"3":7},"f":{"0":35,"1":3},"b":{},"_coverageSchema":"1a1c01bbd47fc00a2c39e90264f33305004495a9","hash":"7a47d620343953cd7c7a144cd99688dd962f1e68"}
,"/home/amaimon/work/blog_work/codepill-prototype/articles/10/tdd_react_native_workshop/MealCaloriesTotal.js": {"path":"/home/amaimon/work/blog_work/codepill-prototype/articles/10/tdd_react_native_workshop/MealCaloriesTotal.js","statementMap":{"0":{"start":{"line":4,"column":33},"end":{"line":15,"column":1}},"1":{"start":{"line":5,"column":2},"end":{"line":14,"column":4}},"2":{"start":{"line":17,"column":15},"end":{"line":25,"column":2}}},"fnMap":{"0":{"name":"(anonymous_0)","decl":{"start":{"line":4,"column":33},"end":{"line":4,"column":34}},"loc":{"start":{"line":4,"column":48},"end":{"line":15,"column":1}},"line":4}},"branchMap":{},"s":{"0":7,"1":35,"2":7},"f":{"0":35},"b":{},"_coverageSchema":"1a1c01bbd47fc00a2c39e90264f33305004495a9","hash":"edc4a1139b19635e785d7c641c0bf121d2b4934c"}
,"/home/amaimon/work/blog_work/codepill-prototype/articles/10/tdd_react_native_workshop/MealTextInput.js": {"path":"/home/amaimon/work/blog_work/codepill-prototype/articles/10/tdd_react_native_workshop/MealTextInput.js","statementMap":{"0":{"start":{"line":4,"column":29},"end":{"line":18,"column":1}},"1":{"start":{"line":7,"column":2},"end":{"line":17,"column":4}},"2":{"start":{"line":14,"column":23},"end":{"line":14,"column":32}},"3":{"start":{"line":20,"column":15},"end":{"line":27,"column":2}}},"fnMap":{"0":{"name":"(anonymous_0)","decl":{"start":{"line":4,"column":29},"end":{"line":4,"column":30}},"loc":{"start":{"line":4,"column":69},"end":{"line":18,"column":1}},"line":4},"1":{"name":"(anonymous_1)","decl":{"start":{"line":14,"column":17},"end":{"line":14,"column":18}},"loc":{"start":{"line":14,"column":23},"end":{"line":14,"column":32}},"line":14}},"branchMap":{},"s":{"0":7,"1":36,"2":4,"3":7},"f":{"0":36,"1":4},"b":{},"_coverageSchema":"1a1c01bbd47fc00a2c39e90264f33305004495a9","hash":"bb8cf00f9a078f7700f455828db3e9fcfa1fc6a5"}
,"/home/amaimon/work/blog_work/codepill-prototype/articles/10/tdd_react_native_workshop/MealsList.js": {"path":"/home/amaimon/work/blog_work/codepill-prototype/articles/10/tdd_react_native_workshop/MealsList.js","statementMap":{"0":{"start":{"line":4,"column":25},"end":{"line":30,"column":1}},"1":{"start":{"line":5,"column":22},"end":{"line":12,"column":4}},"2":{"start":{"line":6,"column":4},"end":{"line":11,"column":11}},"3":{"start":{"line":14,"column":2},"end":{"line":29,"column":4}},"4":{"start":{"line":32,"column":15},"end":{"line":52,"column":2}}},"fnMap":{"0":{"name":"(anonymous_0)","decl":{"start":{"line":4,"column":25},"end":{"line":4,"column":26}},"loc":{"start":{"line":4,"column":44},"end":{"line":30,"column":1}},"line":4},"1":{"name":"(anonymous_1)","decl":{"start":{"line":5,"column":36},"end":{"line":5,"column":37}},"loc":{"start":{"line":6,"column":4},"end":{"line":11,"column":11}},"line":6}},"branchMap":{"0":{"loc":{"start":{"line":16,"column":7},"end":{"line":26,"column":14}},"type":"cond-expr","locations":[{"start":{"line":17,"column":8},"end":{"line":25,"column":15}},{"start":{"line":26,"column":10},"end":{"line":26,"column":14}}],"line":16}},"s":{"0":7,"1":5,"2":4,"3":5,"4":7},"f":{"0":5,"1":4},"b":{"0":[4,1]},"_coverageSchema":"1a1c01bbd47fc00a2c39e90264f33305004495a9","hash":"ead345879f04c12f34a4ace87d57e8d4e8d0b3b5"}
,"/home/amaimon/work/blog_work/codepill-prototype/articles/10/tdd_react_native_workshop/testUtils.js": {"path":"/home/amaimon/work/blog_work/codepill-prototype/articles/10/tdd_react_native_workshop/testUtils.js","statementMap":{"0":{"start":{"line":2,"column":27},"end":{"line":2,"column":36}},"1":{"start":{"line":10,"column":30},"end":{"line":12,"column":1}},"2":{"start":{"line":11,"column":2},"end":{"line":11,"column":46}},"3":{"start":{"line":20,"column":26},"end":{"line":28,"column":1}},"4":{"start":{"line":21,"column":20},"end":{"line":26,"column":3}},"5":{"start":{"line":27,"column":2},"end":{"line":27,"column":36}}},"fnMap":{"0":{"name":"(anonymous_0)","decl":{"start":{"line":10,"column":30},"end":{"line":10,"column":31}},"loc":{"start":{"line":10,"column":48},"end":{"line":12,"column":1}},"line":10},"1":{"name":"(anonymous_1)","decl":{"start":{"line":20,"column":26},"end":{"line":20,"column":27}},"loc":{"start":{"line":20,"column":58},"end":{"line":28,"column":1}},"line":20}},"branchMap":{},"s":{"0":7,"1":7,"2":15,"3":7,"4":1,"5":1},"f":{"0":15,"1":1},"b":{},"_coverageSchema":"1a1c01bbd47fc00a2c39e90264f33305004495a9","hash":"b4fb4eb9cc532b9117cda30dabf11a079ed47a18"}
}
