TN:
SF:AddMealBtn.js
FN:4,(anonymous_0)
FNF:1
FNH:1
FNDA:26,(anonymous_0)
DA:4,7
DA:5,26
DA:7,26
DA:16,7
LF:4
LH:4
BRF:0
BRH:0
end_of_record
TN:
SF:App.js
FN:15,App
FN:24,(anonymous_1)
FN:26,(anonymous_2)
FN:27,(anonymous_3)
FN:32,(anonymous_4)
FN:37,(anonymous_5)
FN:41,(anonymous_6)
FN:45,(anonymous_7)
FN:49,(anonymous_8)
FN:69,(anonymous_9)
FN:75,(anonymous_10)
FNF:11
FNH:11
FNDA:43,App
FNDA:4,(anonymous_1)
FNDA:4,(anonymous_2)
FNDA:4,(anonymous_3)
FNDA:1,(anonymous_4)
FNDA:4,(anonymous_5)
FNDA:4,(anonymous_6)
FNDA:7,(anonymous_7)
FNDA:4,(anonymous_8)
FNDA:4,(anonymous_9)
FNDA:3,(anonymous_10)
DA:17,43
DA:18,38
DA:19,38
DA:20,38
DA:21,38
DA:24,38
DA:25,4
DA:26,4
DA:27,4
DA:29,4
DA:32,38
DA:33,1
DA:34,1
DA:37,38
DA:38,4
DA:41,38
DA:42,4
DA:45,38
DA:46,7
DA:49,38
DA:50,4
DA:54,4
DA:55,4
DA:57,4
DA:58,4
DA:59,4
DA:62,38
DA:69,4
DA:75,3
DA:89,7
LF:30
LH:30
BRDA:64,0,0,38
BRDA:64,0,1,4
BRDA:80,1,0,38
BRDA:80,1,1,4
BRDA:82,2,0,38
BRDA:82,2,1,18
BRF:6
BRH:6
end_of_record
TN:
SF:ClearButton.js
FN:4,(anonymous_0)
FNF:1
FNH:1
FNDA:12,(anonymous_0)
DA:4,7
DA:5,12
DA:19,7
DA:23,7
LF:4
LH:4
BRDA:9,0,0,12
BRDA:9,0,1,0
BRDA:11,1,0,12
BRDA:11,1,1,0
BRF:4
BRH:2
end_of_record
TN:
SF:MealCaloriesInput.js
FN:4,(anonymous_0)
FN:14,(anonymous_1)
FNF:2
FNH:2
FNDA:35,(anonymous_0)
FNDA:3,(anonymous_1)
DA:4,7
DA:7,35
DA:14,3
DA:20,7
LF:4
LH:4
BRF:0
BRH:0
end_of_record
TN:
SF:MealCaloriesTotal.js
FN:4,(anonymous_0)
FNF:1
FNH:1
FNDA:35,(anonymous_0)
DA:4,7
DA:5,35
DA:17,7
LF:3
LH:3
BRF:0
BRH:0
end_of_record
TN:
SF:MealTextInput.js
FN:4,(anonymous_0)
FN:14,(anonymous_1)
FNF:2
FNH:2
FNDA:36,(anonymous_0)
FNDA:4,(anonymous_1)
DA:4,7
DA:7,36
DA:14,4
DA:20,7
LF:4
LH:4
BRF:0
BRH:0
end_of_record
TN:
SF:MealsList.js
FN:4,(anonymous_0)
FN:5,(anonymous_1)
FNF:2
FNH:2
FNDA:5,(anonymous_0)
FNDA:4,(anonymous_1)
DA:4,7
DA:5,5
DA:6,4
DA:14,5
DA:32,7
LF:5
LH:5
BRDA:16,0,0,4
BRDA:16,0,1,1
BRF:2
BRH:2
end_of_record
TN:
SF:testUtils.js
FN:10,(anonymous_0)
FN:20,(anonymous_1)
FNF:2
FNH:2
FNDA:15,(anonymous_0)
FNDA:1,(anonymous_1)
DA:2,7
DA:10,7
DA:11,15
DA:20,7
DA:21,1
DA:27,1
LF:6
LH:6
BRF:0
BRH:0
end_of_record
